C51 COMPILER V9.54   LIGHT_1                                                               03/07/2023 22:57:13 PAGE 1   


C51 COMPILER V9.54, COMPILATION OF MODULE LIGHT_1
OBJECT MODULE PLACED IN .\Objects\light-1.obj
COMPILER INVOKED BY: C:\Program Files (x86)\keil51\C51\BIN\C51.EXE light-1.c OPTIMIZE(8,SPEED) BROWSE DEBUG OBJECTEXTEND
                    - PRINT(.\Listings\light-1.lst) TABS(2) OBJECT(.\Objects\light-1.obj)

line level    source

   1          #include <REGX51.H>
   2          #include <INTRINS.h>
   3          /*void Delay1000us()    //@11.0592MHz
   4          {
   5            unsigned char i, j;
   6          
   7            _nop_();
   8            i = 2;
   9            j = 199;
  10            do
  11            {
  12              while (--j);
  13            } while (--i);
  14          }
  15          
  16          
  17          */
  18          void main(int argc[],char*argv)
  19          {
  20   1         
  21   1        // Delay1000us();
  22   1        P2=0xCC;
  23   1        //Delay1000us();
  24   1        P2=0xFE;
  25   1      }
*** WARNING C280 IN LINE 18 OF light-1.c: 'argc': unreferenced local variable
*** WARNING C280 IN LINE 18 OF light-1.c: 'argv': unreferenced local variable


MODULE INFORMATION:   STATIC OVERLAYABLE
   CODE SIZE        =     13    ----
   CONSTANT SIZE    =   ----    ----
   XDATA SIZE       =   ----    ----
   PDATA SIZE       =   ----    ----
   DATA SIZE        =   ----       6
   IDATA SIZE       =   ----    ----
   BIT SIZE         =   ----    ----
END OF MODULE INFORMATION.


C51 COMPILATION COMPLETE.  2 WARNING(S),  0 ERROR(S)
