C51 COMPILER V9.54   MAIN                                                                  05/05/2023 16:18:11 PAGE 1   


C51 COMPILER V9.54, COMPILATION OF MODULE MAIN
OBJECT MODULE PLACED IN .\Objects\main.obj
COMPILER INVOKED BY: C:\Program Files (x86)\keil51\C51\BIN\C51.EXE main.c OPTIMIZE(8,SPEED) BROWSE DEBUG OBJECTEXTEND PR
                    -INT(.\Listings\main.lst) OBJECT(.\Objects\main.obj)

line level    source

   1          #include <REGX51.H>
   2          #define KEY_MATRIX_PORT P1;           //使用宏定义矩阵按键控制口
   3          #define SMG_A_DP_PORT   P0;                     //使用宏定义数码管段码口
   4          typedef unsigned char u8;
   5          typedef unsigned int  u16;
   6          
   7          u8 gsmg_code[17]={0x3f,0x06,0x5b,0x4f,0x66,
   8                                            0x6d,0x7d,0x07,0x7f,0x6f,
   9                                            0x77,0x7c,0x39,0x5e,0x79,0x71};//共阴极0-F                    //  global代表全局变量. 共阴极0-F
  10          
  11          void delay_10us (u16 ten_us)
  12          {
  13   1              while (ten_us--);
  14   1          
  15   1      }
  16          u8 key_matrix_ranks_scan(void)
  17          {
  18   1              u8 key_value=0;
  19   1      
  20   1              KEY_MATRIX_PORT=0xf7;//第一列为低电平
*** WARNING C275 IN LINE 20 OF main.c: expression with possibly no effect
*** ERROR C141 IN LINE 20 OF main.c: syntax error near '='
  21   1              if (KEY_MATRIX_PORT!=0xf7)
*** ERROR C141 IN LINE 21 OF main.c: syntax error near ';'
*** ERROR C141 IN LINE 21 OF main.c: syntax error near '!='
*** ERROR C141 IN LINE 21 OF main.c: syntax error near ')'
  22   1              {
  23   2                      delay_10us(1000);
  24   2                      switch(KEY_MATRIX_PORT)
*** ERROR C141 IN LINE 24 OF main.c: syntax error near ';'
*** ERROR C141 IN LINE 24 OF main.c: syntax error near ')'
  25   2                      {
  26   3                              case 0x77: key_value=1;  
*** ERROR C172 IN LINE 26 OF main.c: 'case': missing enclosing switch
  27   3                              break;
*** ERROR C171 IN LINE 27 OF main.c: 'break': missing enclosing loop
  28   3                              case 0xb7: key_value=5;  
*** ERROR C172 IN LINE 28 OF main.c: 'case': missing enclosing switch
  29   3                              break;
*** ERROR C171 IN LINE 29 OF main.c: 'break': missing enclosing loop
  30   3                              case 0xd7: key_value=9;  
*** ERROR C172 IN LINE 30 OF main.c: 'case': missing enclosing switch
  31   3                              break;
*** ERROR C171 IN LINE 31 OF main.c: 'break': missing enclosing loop
  32   3                              case 0xe7: key_value=13;  
*** ERROR C172 IN LINE 32 OF main.c: 'case': missing enclosing switch
  33   3                              break;
*** ERROR C171 IN LINE 33 OF main.c: 'break': missing enclosing loop
  34   3                              
  35   3                      }
  36   2      
  37   2          }
  38   1              while (KEY_MATRIX_PORT!=0xf7);//等待按键按下
*** ERROR C141 IN LINE 38 OF main.c: syntax error near ';'
C51 COMPILER V9.54   MAIN                                                                  05/05/2023 16:18:11 PAGE 2   

*** ERROR C141 IN LINE 38 OF main.c: syntax error near '!='
*** ERROR C141 IN LINE 38 OF main.c: syntax error near ')'
  39   1         
  40   1      KEY_MATRIX_PORT=0xfb;//第二列为低电平
*** ERROR C141 IN LINE 40 OF main.c: syntax error near '='
  41   1              if (KEY_MATRIX_PORT!=0xfb)
*** ERROR C141 IN LINE 41 OF main.c: syntax error near ';'
*** ERROR C141 IN LINE 41 OF main.c: syntax error near '!='
*** ERROR C141 IN LINE 41 OF main.c: syntax error near ')'
  42   1              {
  43   2                      delay_10us(1000);
  44   2                      switch(KEY_MATRIX_PORT)
*** ERROR C141 IN LINE 44 OF main.c: syntax error near ';'
*** ERROR C141 IN LINE 44 OF main.c: syntax error near ')'
  45   2                      {
  46   3                              case 0x7b: key_value=2;  
*** ERROR C172 IN LINE 46 OF main.c: 'case': missing enclosing switch
  47   3                              break;
*** ERROR C171 IN LINE 47 OF main.c: 'break': missing enclosing loop
  48   3                              case 0xbb: key_value=6;  
*** ERROR C172 IN LINE 48 OF main.c: 'case': missing enclosing switch
  49   3                              break;
*** ERROR C171 IN LINE 49 OF main.c: 'break': missing enclosing loop
  50   3                              case 0xdb: key_value=10;  
*** ERROR C172 IN LINE 50 OF main.c: 'case': missing enclosing switch
  51   3                              break;
*** ERROR C171 IN LINE 51 OF main.c: 'break': missing enclosing loop
  52   3                              case 0xeb: key_value=14;  
*** ERROR C172 IN LINE 52 OF main.c: 'case': missing enclosing switch
  53   3                              break;
*** ERROR C171 IN LINE 53 OF main.c: 'break': missing enclosing loop
  54   3                              
  55   3                      }
  56   2      
  57   2          }
  58   1              while (KEY_MATRIX_PORT!=0xfb);//等待按键按下
*** ERROR C141 IN LINE 58 OF main.c: syntax error near ';'
*** ERROR C141 IN LINE 58 OF main.c: syntax error near '!='
*** ERROR C141 IN LINE 58 OF main.c: syntax error near ')'
  59   1      
  60   1      KEY_MATRIX_PORT=0xfd;//第三列为低电平
*** ERROR C141 IN LINE 60 OF main.c: syntax error near '='
  61   1              if (KEY_MATRIX_PORT!=0xfd)
*** ERROR C141 IN LINE 61 OF main.c: syntax error near ';'
*** ERROR C141 IN LINE 61 OF main.c: syntax error near '!='
*** ERROR C141 IN LINE 61 OF main.c: syntax error near ')'
  62   1              {
  63   2                      delay_10us(1000);
  64   2                      switch(KEY_MATRIX_PORT)
*** ERROR C141 IN LINE 64 OF main.c: syntax error near ';'
*** ERROR C141 IN LINE 64 OF main.c: syntax error near ')'
  65   2                      {
  66   3                              case 0x7d: key_value=3;  
*** ERROR C172 IN LINE 66 OF main.c: 'case': missing enclosing switch
  67   3                              break;
*** ERROR C171 IN LINE 67 OF main.c: 'break': missing enclosing loop
  68   3                              case 0xbd: key_value=7;  
*** ERROR C172 IN LINE 68 OF main.c: 'case': missing enclosing switch
  69   3                              break;
*** ERROR C171 IN LINE 69 OF main.c: 'break': missing enclosing loop
  70   3                              case 0xdd: key_value=11;  
*** ERROR C172 IN LINE 70 OF main.c: 'case': missing enclosing switch
C51 COMPILER V9.54   MAIN                                                                  05/05/2023 16:18:11 PAGE 3   

  71   3                              break;
*** ERROR C171 IN LINE 71 OF main.c: 'break': missing enclosing loop
  72   3                              case 0xed: key_value=15;  
*** ERROR C172 IN LINE 72 OF main.c: 'case': missing enclosing switch
  73   3                              break;
*** ERROR C171 IN LINE 73 OF main.c: 'break': missing enclosing loop
  74   3                              
  75   3                      }
  76   2      
  77   2          }
  78   1              while (KEY_MATRIX_PORT!=0xfd);//等待按键按下
*** ERROR C141 IN LINE 78 OF main.c: syntax error near ';'
*** ERROR C141 IN LINE 78 OF main.c: syntax error near '!='
*** ERROR C141 IN LINE 78 OF main.c: syntax error near ')'
  79   1      
  80   1      KEY_MATRIX_PORT=0xfe;//第四列为低电平
*** ERROR C141 IN LINE 80 OF main.c: syntax error near '='
  81   1              if (KEY_MATRIX_PORT!=0xfe)
*** ERROR C141 IN LINE 81 OF main.c: syntax error near ';'
*** ERROR C141 IN LINE 81 OF main.c: syntax error near '!='
*** ERROR C141 IN LINE 81 OF main.c: syntax error near ')'
  82   1              {
  83   2                      delay_10us(1000);
  84   2                      switch(KEY_MATRIX_PORT)
*** ERROR C141 IN LINE 84 OF main.c: syntax error near ';'
*** ERROR C141 IN LINE 84 OF main.c: syntax error near ')'
  85   2                      {
  86   3                              case 0x7e: key_value=4; break;
*** ERROR C172 IN LINE 86 OF main.c: 'case': missing enclosing switch
*** ERROR C171 IN LINE 86 OF main.c: 'break': missing enclosing loop
  87   3                              
  88   3                              case 0xbe: key_value=8;  break;
*** ERROR C172 IN LINE 88 OF main.c: 'case': missing enclosing switch
*** ERROR C171 IN LINE 88 OF main.c: 'break': missing enclosing loop
  89   3                              
  90   3                              case 0xde: key_value=11;  break;
*** ERROR C172 IN LINE 90 OF main.c: 'case': missing enclosing switch
*** ERROR C171 IN LINE 90 OF main.c: 'break': missing enclosing loop
  91   3                              
  92   3                              case 0xee: key_value=15;  break;
*** ERROR C172 IN LINE 92 OF main.c: 'case': missing enclosing switch
*** ERROR C171 IN LINE 92 OF main.c: 'break': missing enclosing loop
  93   3                      }
  94   2                              
  95   2              }
  96   1              while (KEY_MATRIX_PORT!=0xFE);//等待按键按下    
*** ERROR C141 IN LINE 96 OF main.c: syntax error near ';'
*** ERROR C141 IN LINE 96 OF main.c: syntax error near '!='
*** ERROR C141 IN LINE 96 OF main.c: syntax error near ')'
  97   1              return key_value;
  98   1      }
  99             
 100                  
 101          
 102          void main()
 103          {
 104   1              u8 key=0;
 105   1           while (1)
 106   1             {
 107   2                        key_matrix_ranks_scan(); 
 108   2                         if(key!=0)
 109   2                          SMG_A_DP_PORT =gsmg_code[key-1];
C51 COMPILER V9.54   MAIN                                                                  05/05/2023 16:18:11 PAGE 4   

*** ERROR C141 IN LINE 109 OF main.c: syntax error near '='
 110   2             }
 111   1      
 112   1      
 113   1      
 114   1      
 115   1      
 116   1      
 117   1      
 118   1      //}
 119   1      ///**************************************************************************************
 120   1      //深圳市普中科技有限公司（PRECHIN 普中）
 121   1      //技术支持：www.prechin.net
 122   1      //PRECHIN
 123   1      // 普中
 124   1      
 125   1      //实验名称：矩阵按键实验
 126   1      //接线说明：    
 127   1      //实验现象：下载程序后，按下“矩阵按键”模块中S1-S16键，对应数码管最左边显示0-F
 128   1      //注意事项：                                                                                                                                                              
 129   1      //***************************************************************************************/
 130   1      //#include "reg52.h"
 131   1      
 132   1      //typedef unsigned int u16;     //对系统默认数据类型进行重定义
 133   1      //typedef unsigned char u8;
 134   1      
 135   1      //#define KEY_MATRIX_PORT       P1      //使用宏定义矩阵按键控制口              
 136   1      
 137   1      //#define SMG_A_DP_PORT P0      //使用宏定义数码管段码口
 138   1      
 139   1      ////共阴极数码管显示0~F的段码数据
 140   1      //u8 gsmg_code[17]={0x3f,0x06,0x5b,0x4f,0x66,0x6d,0x7d,0x07,
 141   1      //                              0x7f,0x6f,0x77,0x7c,0x39,0x5e,0x79,0x71};       
 142   1      
 143   1      ///*******************************************************************************
 144   1      //* 函 数 名       : delay_10us
 145   1      //* 函数功能             : 延时函数，ten_us=1时，大约延时10us
 146   1      //* 输    入       : ten_us
 147   1      //* 输    出             : 无
 148   1      //*******************************************************************************/
 149   1      //void delay_10us(u16 ten_us)
 150   1      //{
 151   1      //      while(ten_us--);        
 152   1      //}
 153   1      
 154   1      ///*******************************************************************************
 155   1      //* 函 数 名       : key_matrix_ranks_scan
 156   1      //* 函数功能             : 使用行列式扫描方法，检测矩阵按键是否按下，按下则返回对应键值
 157   1      //* 输    入       : 无
 158   1      //* 输    出             : key_value：1-16，对应S1-S16键，
 159   1      //                                 0：按键未按下
 160   1      //*******************************************************************************/
 161   1      //u8 key_matrix_ranks_scan(void)
 162   1      //{
 163   1      //      u8 key_value=0;
 164   1      
 165   1      //      KEY_MATRIX_PORT=0xf7;//给第一列赋值0，其余全为1
 166   1      //      if(KEY_MATRIX_PORT!=0xf7)//判断第一列按键是否按下
 167   1      //      {
 168   1      //              delay_10us(1000);//消抖
 169   1      //              switch(KEY_MATRIX_PORT)//保存第一列按键按下后的键值     
 170   1      //              {
C51 COMPILER V9.54   MAIN                                                                  05/05/2023 16:18:11 PAGE 5   

 171   1      //                      case 0x77: key_value=1;break;
 172   1      //                      case 0xb7: key_value=5;break;
 173   1      //                      case 0xd7: key_value=9;break;
 174   1      //                      case 0xe7: key_value=13;break;
 175   1      //              }
 176   1      //      }
 177   1      //      while(KEY_MATRIX_PORT!=0xf7);//等待按键松开     
 178   1      //      
 179   1      //      KEY_MATRIX_PORT=0xfb;//给第二列赋值0，其余全为1
 180   1      //      if(KEY_MATRIX_PORT!=0xfb)//判断第二列按键是否按下
 181   1      //      {
 182   1      //              delay_10us(1000);//消抖
 183   1      //              switch(KEY_MATRIX_PORT)//保存第二列按键按下后的键值     
 184   1      //              {
 185   1      //                      case 0x7b: key_value=2;break;
 186   1      //                      case 0xbb: key_value=6;break;
 187   1      //                      case 0xdb: key_value=10;break;
 188   1      //                      case 0xeb: key_value=14;break;
 189   1      //              }
 190   1      //      }
 191   1      //      while(KEY_MATRIX_PORT!=0xfb);//等待按键松开     
 192   1      //      
 193   1      //      KEY_MATRIX_PORT=0xfd;//给第三列赋值0，其余全为1
 194   1      //      if(KEY_MATRIX_PORT!=0xfd)//判断第三列按键是否按下
 195   1      //      {
 196   1      //              delay_10us(1000);//消抖
 197   1      //              switch(KEY_MATRIX_PORT)//保存第三列按键按下后的键值     
 198   1      //              {
 199   1      //                      case 0x7d: key_value=3;break;
 200   1      //                      case 0xbd: key_value=7;break;
 201   1      //                      case 0xdd: key_value=11;break;
 202   1      //                      case 0xed: key_value=15;break;
 203   1      //              }
 204   1      //      }
 205   1      //      while(KEY_MATRIX_PORT!=0xfd);//等待按键松开     
 206   1      //      
 207   1      //      KEY_MATRIX_PORT=0xfe;//给第四列赋值0，其余全为1
 208   1      //      if(KEY_MATRIX_PORT!=0xfe)//判断第四列按键是否按下
 209   1      //      {
 210   1      //              delay_10us(1000);//消抖
 211   1      //              switch(KEY_MATRIX_PORT)//保存第四列按键按下后的键值     
 212   1      //              {
 213   1      //                      case 0x7e: key_value=4;break;
 214   1      //                      case 0xbe: key_value=8;break;
 215   1      //                      case 0xde: key_value=12;break;
 216   1      //                      case 0xee: key_value=16;break;
 217   1      //              }
 218   1      //      }
 219   1      //      while(KEY_MATRIX_PORT!=0xfe);//等待按键松开
 220   1      //      
 221   1      //      return key_value;               
 222   1      //}
 223   1      
 224   1      ///*******************************************************************************
 225   1      //* 函 数 名       : key_matrix_flip_scan
 226   1      //* 函数功能             : 使用线翻转扫描方法，检测矩阵按键是否按下，按下则返回对应键值
 227   1      //* 输    入       : 无
 228   1      //* 输    出             : key_value：1-16，对应S1-S16键，
 229   1      //                                 0：按键未按下
 230   1      //*******************************************************************************/
 231   1      //u8 key_matrix_flip_scan(void)
 232   1      //{
C51 COMPILER V9.54   MAIN                                                                  05/05/2023 16:18:11 PAGE 6   

 233   1      //      static u8 key_value=0;
 234   1      
 235   1      //      KEY_MATRIX_PORT=0x0f;//给所有行赋值0，列全为1
 236   1      //      if(KEY_MATRIX_PORT!=0x0f)//判断按键是否按下
 237   1      //      {
 238   1      //              delay_10us(1000);//消抖
 239   1      //              if(KEY_MATRIX_PORT!=0x0f)
 240   1      //              {
 241   1      //                      //测试列
 242   1      //                      KEY_MATRIX_PORT=0x0f;
 243   1      //                      switch(KEY_MATRIX_PORT)//保存行为0，按键按下后的列值    
 244   1      //                      {
 245   1      //                              case 0x07: key_value=1;break;
 246   1      //                              case 0x0b: key_value=2;break;
 247   1      //                              case 0x0d: key_value=3;break;
 248   1      //                              case 0x0e: key_value=4;break;
 249   1      //                      }
 250   1      //                      //测试行
 251   1      //                      KEY_MATRIX_PORT=0xf0;
 252   1      //                      switch(KEY_MATRIX_PORT)//保存列为0，按键按下后的键值    
 253   1      //                      {
 254   1      //                              case 0x70: key_value=key_value;break;
 255   1      //                              case 0xb0: key_value=key_value+4;break;
 256   1      //                              case 0xd0: key_value=key_value+8;break;
 257   1      //                              case 0xe0: key_value=key_value+12;break;
 258   1      //                      }
 259   1      //                      while(KEY_MATRIX_PORT!=0xf0);//等待按键松开     
 260   1      //              }
 261   1      //      }
 262   1      //      else
 263   1      //              key_value=0;            
 264   1      //      
 265   1      //      return key_value;               
 266   1      //}
 267   1      
 268   1      ///*******************************************************************************
 269   1      //* 函 数 名       : main
 270   1      //* 函数功能             : 主函数
 271   1      //* 输    入       : 无
 272   1      //* 输    出             : 无
 273   1      //*******************************************************************************/
 274   1      //void main()
 275   1      //{     
 276   1      //      u8 key=0;
 277   1      
 278   1      //      while(1)
 279   1      //      {
 280   1      //              key=key_matrix_ranks_scan();
 281   1      //              if(key!=0)
 282   1      //                      SMG_A_DP_PORT=gsmg_code[key-1];//得到的按键值减1换算成数组下标对应0-F段码               
 283   1      //      }               
 284   1      //}
*** ERROR C141 IN LINE 284 OF main.c: syntax error near ''

C51 COMPILATION COMPLETE.  1 WARNING(S),  70 ERROR(S)
