C51 COMPILER V9.54   MAIN                                                                  03/29/2023 21:30:15 PAGE 1   


C51 COMPILER V9.54, COMPILATION OF MODULE MAIN
OBJECT MODULE PLACED IN .\Objects\main.obj
COMPILER INVOKED BY: C:\Program Files (x86)\keil51\C51\BIN\C51.EXE main.c OPTIMIZE(8,SPEED) BROWSE DEBUG OBJECTEXTEND PR
                    -INT(.\Listings\main.lst) TABS(2) OBJECT(.\Objects\main.obj)

line level    source

   1          #include <REGX51.H>
   2          #include "Delay.h"
   3          #include "LCD1602.h"
   4          #include "MatrixKey.h"
   5          #include "IndependentKey.h"
   6          
   7          unsigned char KeyNum;
   8          void main()
   9          {
  10   1          LCD_Init();
  11   1        LCD_ShowString(1,1,"Hello world!");
  12   1        while(1)
  13   1        {
  14   2          //KeyNum=MatrixKey();
  15   2          KeyNum=IndependentKey();
  16   2          if (KeyNum){
  17   3              
  18   3              LCD_ShowNum(8,1,KeyNum,2);
  19   3              
  20   3              
  21   3              
  22   3              
  23   3              
  24   3              
  25   3              
  26   3              }
  27   2        }   
  28   1      
  29   1      }


MODULE INFORMATION:   STATIC OVERLAYABLE
   CODE SIZE        =     40    ----
   CONSTANT SIZE    =     13    ----
   XDATA SIZE       =   ----    ----
   PDATA SIZE       =   ----    ----
   DATA SIZE        =      1    ----
   IDATA SIZE       =   ----    ----
   BIT SIZE         =   ----    ----
END OF MODULE INFORMATION.


C51 COMPILATION COMPLETE.  0 WARNING(S),  0 ERROR(S)
