C51 COMPILER V9.54   MATRIXKEY                                                             03/28/2023 21:27:34 PAGE 1   


C51 COMPILER V9.54, COMPILATION OF MODULE MATRIXKEY
OBJECT MODULE PLACED IN .\Objects\MatrixKey.obj
COMPILER INVOKED BY: C:\Program Files (x86)\keil51\C51\BIN\C51.EXE MatrixKey.c OPTIMIZE(8,SPEED) BROWSE DEBUG OBJECTEXTE
                    -ND PRINT(.\Listings\MatrixKey.lst) TABS(2) OBJECT(.\Objects\MatrixKey.obj)

line level    source

   1          /*#include <REGX51.H>
   2          
   3          #include "Delay.h"
   4          
   5          
   6          unsigned char MatrixKey()
   7            
   8          {
   9            unsigned char KeyNum =0;
  10            P2=0xFF;
  11            do{
  12              P1=0xFF;
  13            if (P1_7==0){Delay(200);while (P1_7==0);
  14            Delay(200);KeyNum=1;}
  15            if (P1_6==0){Delay(20);while (P1_6==0);
  16            Delay(20);KeyNum=5;}
  17            if (P1_5==0){Delay(20);while (P1_5==0);
  18            Delay(20);KeyNum=9;}
  19            if (P1_4==0){Delay(20);while (P1_4==0);
  20            Delay(20);KeyNum=13;}while(P1_3==0);
  21          
  22            
  23            do
  24            {
  25              // TODO: enter the block content here
  26              
  27            if (P1_7==0){Delay(20);while (P1_7==0);
  28            Delay(20);KeyNum=2;}
  29            if (P1_6==0){Delay(20);while (P1_6==0);
  30            Delay(20);KeyNum=6;}
  31            if (P1_5==0){Delay(20);while (P1_5==0);
  32            Delay(20);KeyNum=10;}
  33            if (P1_4==0){Delay(20);while (P1_4==0);
  34            Delay(20);KeyNum=14;}
  35            
  36              
  37            } while (P1_2==0);
  38            
  39            do
  40            {
  41              // TODO: enter the block content here
  42              P1=0xFF;
  43            
  44            if (P1_7==0){Delay(20);while (P1_7==0);
  45            Delay(20);KeyNum=3;}
  46            if (P1_6==0){Delay(20);while (P1_6==0);
  47            Delay(20);KeyNum=7;}
  48            if (P1_5==0){Delay(20);while (P1_5==0);
  49            Delay(20);KeyNum=11;}
  50            if (P1_4==0){Delay(20);while (P1_4==0);
  51            Delay(20);KeyNum=15;}
  52              
  53            } while (P1_1==0);
  54            
C51 COMPILER V9.54   MATRIXKEY                                                             03/28/2023 21:27:34 PAGE 2   

  55            
  56            
  57            do
  58            {
  59               
  60            if (P1_7==0){Delay(20);while (P1_7==0);
  61            Delay(20);KeyNum=4;}
  62            if (P1_6==0){Delay(20);while (P1_6==0);
  63            Delay(20);KeyNum=8;}
  64            if (P1_5==0){Delay(20);while (P1_5==0);
  65            Delay(20);KeyNum=12;}
  66            if (P1_4==0){Delay(20);while (P1_4==0);
  67            Delay(20);KeyNum=16;}
  68          
  69              
  70              
  71            } while (P1_0==0);
  72           
  73            
  74          }while(1);
  75            
  76            return KeyNum;
  77          }
  78            
  79          */


MODULE INFORMATION:   STATIC OVERLAYABLE
   CODE SIZE        =   ----    ----
   CONSTANT SIZE    =   ----    ----
   XDATA SIZE       =   ----    ----
   PDATA SIZE       =   ----    ----
   DATA SIZE        =   ----    ----
   IDATA SIZE       =   ----    ----
   BIT SIZE         =   ----    ----
END OF MODULE INFORMATION.


C51 COMPILATION COMPLETE.  0 WARNING(S),  0 ERROR(S)
