C51 COMPILER V9.54   MAIN                                                                  04/14/2023 16:49:28 PAGE 1   


C51 COMPILER V9.54, COMPILATION OF MODULE MAIN
OBJECT MODULE PLACED IN .\Objects\main.obj
COMPILER INVOKED BY: C:\Program Files (x86)\keil51\C51\BIN\C51.EXE main.c OPTIMIZE(8,SPEED) BROWSE DEBUG OBJECTEXTEND PR
                    -INT(.\Listings\main.lst) OBJECT(.\Objects\main.obj)

line level    source

   1          #include <REGX51.H>
   2          #include <INTRINS.H>
   3          #include <Delay.h>
   4          typedef unsigned int u16;
   5          typedef unsigned char u8;       
   6          
   7          
   8          sbit BEEP =P2^5;
   9          
  10          void main()
  11          {
  12   1         u16 i=2000;//音长
  13   1              while (1)
  14   1          {
  15   2                      while (i--)
  16   2              {
  17   3      //                      BEEP=!BEEP;
  18   3      //                      BEEP=0;
  19   3      //                      delay_10us(500);                        //改变声
  20   3      //                      BEEP=1;               
  21   3      //                      delay_10us(20);//音色
  22   3      //                      delay_10us(15000); 
  23   3      //                      BEEP=0;
  24   3      //                      delay_10us(400);                        //改变声
  25   3      //                      BEEP=1;               
  26   3      //                      delay_10us(1000);
  27   3      //                      BEEP=!BEEP;
  28   3      //                      delay_10us(5000);//音色
  29   3                                                                              //因大小
  30   3                                                                              //因大小
  31   3                              
  32   3                              BEEP=!BEEP;
  33   3                              delay_10us(200);//改变音调
  34   3                              BEEP=0;
  35   3                              delay_10us(10);//声音大小
  36   3                              BEEP=1;
  37   3                              delay_10us(190);//声音大小
  38   3                              //delay_10us(2500);
  39   3                              BEEP=!BEEP;
  40   3                              delay_10us(200);//改变音调
  41   3                              BEEP=0;
  42   3                              delay_10us(10);//声音大小
  43   3                              BEEP=1;
  44   3                              delay_10us(90);//声音大小
  45   3              }
  46   2                      i=0;
  47   2                      BEEP=0; 
  48   2          }    
  49   1      
  50   1      }


MODULE INFORMATION:   STATIC OVERLAYABLE
   CODE SIZE        =     84    ----
C51 COMPILER V9.54   MAIN                                                                  04/14/2023 16:49:28 PAGE 2   

   CONSTANT SIZE    =   ----    ----
   XDATA SIZE       =   ----    ----
   PDATA SIZE       =   ----    ----
   DATA SIZE        =   ----       2
   IDATA SIZE       =   ----    ----
   BIT SIZE         =   ----    ----
END OF MODULE INFORMATION.


C51 COMPILATION COMPLETE.  0 WARNING(S),  0 ERROR(S)
