C51 COMPILER V9.54   MIAN                                                                  04/21/2023 21:08:19 PAGE 1   


C51 COMPILER V9.54, COMPILATION OF MODULE MIAN
OBJECT MODULE PLACED IN .\Objects\mian.obj
COMPILER INVOKED BY: C:\Program Files (x86)\keil51\C51\BIN\C51.EXE mian.c OPTIMIZE(8,SPEED) BROWSE DEBUG OBJECTEXTEND PR
                    -INT(.\Listings\mian.lst) OBJECT(.\Objects\mian.obj)

line level    source

   1          #include <REGX51.H>
   2          
   3          typedef unsigned int u16;
   4          typedef unsigned char u8;
   5          
   6          #define KEY1_PRESS   1
   7          #define KEY2_PRESS   2
   8          #define KEY3_PRESS   3
   9          #define KEY4_PRESS   4
  10          #define KEY_UNPRESS  0
  11          
  12          sbit KEY1=P3^1;
  13          sbit KEY2=P3^0;
  14          sbit KEY3=P3^2;
  15          sbit KEY4=P3^3;
  16          
  17          sbit LED1=P2^0;
  18          sbit LED2=P2^1;
  19          sbit LED3=P2^2;
  20          sbit LED4=P2^3;
  21          void delay_10us (u16 ten_us)
  22          {
  23   1              while (ten_us--);
  24   1      }
  25          u8 key_scan(u8 mode)
  26          {
  27   1              static u8 key=1;//进行一次
  28   1              if(mode)key=1;  //进行多次扫描
  29   1              if (key==1&&(KEY1==0||KEY2==0||KEY3==0||KEY4==0))
  30   1              {
  31   2          
  32   2                      delay_10us(1000);//消抖    
  33   2                      key=0;          
  34   2                      if(KEY1==0)
  35   2                              return KEY1_PRESS;
  36   2                      else if(KEY2==0)
  37   2                              return KEY2_PRESS;
  38   2                      else if(KEY3==0)
  39   2                              return KEY3_PRESS;
  40   2                      else if(KEY4==0)
  41   2                              return KEY4_PRESS;
  42   2      
  43   2              }
  44   1              else if(KEY1==1&&KEY2==1&&KEY3==1&&KEY4==1)
  45   1          {
  46   2                      key=1;
  47   2              }
  48   1          return KEY_UNPRESS;
  49   1          
  50   1          
  51   1          
  52   1          
  53   1          }
  54          
C51 COMPILER V9.54   MIAN                                                                  04/21/2023 21:08:19 PAGE 2   

  55              
  56          
  57          void main()
  58          {
  59   1              u8 key=0;
  60   1             while (1)
  61   1             {
  62   2                        key= key_scan(0);
  63   2                         if(key==KEY1_PRESS)
  64   2                                 LED1=~LED1;
  65   2                             
  66   2      //                               else if(key==KEY2_PRESS)
  67   2      //                         LED2=~LED2;
  68   2      //                                              else if(key==KEY3_PRESS)
  69   2      //                         LED3=~LED3;
  70   2      //                                                      else if(key==KEY4_PRESS)
  71   2      //                         LED4=~LED4;
  72   2      //      亮了不灭 ，再按才灭 
  73   2                                         if(key==KEY2_PRESS)
  74   2                                 LED2=~LED2;
  75   2                                                         if(key==KEY3_PRESS)
  76   2                                 LED3=~LED3;
  77   2                                                                         if(key==KEY4_PRESS)
  78   2                                 LED4=~LED4;
  79   2                              
  80   2             }
  81   1      
  82   1      }


MODULE INFORMATION:   STATIC OVERLAYABLE
   CODE SIZE        =    114    ----
   CONSTANT SIZE    =   ----    ----
   XDATA SIZE       =   ----    ----
   PDATA SIZE       =   ----    ----
   DATA SIZE        =      1    ----
   IDATA SIZE       =   ----    ----
   BIT SIZE         =   ----    ----
END OF MODULE INFORMATION.


C51 COMPILATION COMPLETE.  0 WARNING(S),  0 ERROR(S)
