C51 COMPILER V9.54   LINE_LIGHT                                                            03/07/2023 23:10:49 PAGE 1   


C51 COMPILER V9.54, COMPILATION OF MODULE LINE_LIGHT
OBJECT MODULE PLACED IN .\Objects\line_light.obj
COMPILER INVOKED BY: C:\Program Files (x86)\keil51\C51\BIN\C51.EXE line_light.c OPTIMIZE(8,SPEED) BROWSE DEBUG OBJECTEXT
                    -END PRINT(.\Listings\line_light.lst) TABS(2) OBJECT(.\Objects\line_light.obj)

line level    source

   1          #include <REGX51.H>
   2          #include <INTRINS.H>
   3          #include <stdio.h>
   4          #include <stdlib.h>
   5          void Delay1000ms()    //@11.0592MHz
   6          {
   7   1        unsigned char i, j, k;
   8   1      
   9   1        _nop_();
  10   1        i = 8;
  11   1        j = 1;
  12   1        k = 243;
  13   1        do
  14   1        {
  15   2          do
  16   2          {
  17   3            while (--k);
  18   3          } while (--j);
  19   2        } while (--i);
  20   1      }
  21          
  22          void main()
  23          {
  24   1        P2=0xFE;
  25   1        Delay1000ms();
  26   1        P2=0x22;
  27   1        Delay1000ms();
  28   1      }


MODULE INFORMATION:   STATIC OVERLAYABLE
   CODE SIZE        =     26    ----
   CONSTANT SIZE    =   ----    ----
   XDATA SIZE       =   ----    ----
   PDATA SIZE       =   ----    ----
   DATA SIZE        =   ----    ----
   IDATA SIZE       =   ----    ----
   BIT SIZE         =   ----    ----
END OF MODULE INFORMATION.


C51 COMPILATION COMPLETE.  0 WARNING(S),  0 ERROR(S)
