C51 COMPILER V9.54   MAIN                                                                  03/14/2023 01:11:35 PAGE 1   


C51 COMPILER V9.54, COMPILATION OF MODULE MAIN
OBJECT MODULE PLACED IN .\Objects\main.obj
COMPILER INVOKED BY: C:\Program Files (x86)\keil51\C51\BIN\C51.EXE main.c OPTIMIZE(8,SPEED) BROWSE DEBUG OBJECTEXTEND PR
                    -INT(.\Listings\main.lst) TABS(2) OBJECT(.\Objects\main.obj)

line level    source

   1          #include <REGX52.H>
   2          #include <INTRINS.H>
   3          void Delay500ms()
   4          {
   5   1        unsigned char i,j,k;
   6   1        _nop_();
   7   1        i=4;
   8   1        j=205;
   9   1        k=187;
  10   1        do{
  11   2          do{
  12   3            while(--k);
  13   3          }while(--j);
  14   2        }while(--i);
  15   1      }
  16            void main()
  17              {
  18   1        while(1){
  19   2          /*P2=0xF0;
  20   2          Delay500ms();
  21   2          P2=0x01;
  22   2          Delay500ms();
  23   2          P2=0x02;
  24   2          Delay500ms();*/
  25   2          P2=0xFF;//1111 1111
  26   2          P2=0xFE;//1111 1110
  27   2          Delay500ms();
  28   2          P2=0xFD;//1111 1101
  29   2          Delay500ms();
  30   2          P2=0xFC;//1111 1100
  31   2          Delay500ms();
  32   2          P2=0xFB;//1111 1011
  33   2          Delay500ms();
  34   2          P2=0xFA;//1111 1010
  35   2          Delay500ms();
  36   2          P2=0xF9;//1111 1001
  37   2          Delay500ms();
  38   2          P2=0xF8;
  39   2          Delay500ms();
  40   2          P2=0xF7;//1111 0111//顺序二进制进位闪烁
  41   2          Delay500ms();//第1 ，2 ，3， 4灯轮流亮
  42   2          //P2=0xF8;
  43   2          //Delay500ms();//1,2,3和123
  44   2        }
  45   1        }
  46          
  47                


MODULE INFORMATION:   STATIC OVERLAYABLE
   CODE SIZE        =     67    ----
   CONSTANT SIZE    =   ----    ----
   XDATA SIZE       =   ----    ----
   PDATA SIZE       =   ----    ----
C51 COMPILER V9.54   MAIN                                                                  03/14/2023 01:11:35 PAGE 2   

   DATA SIZE        =   ----    ----
   IDATA SIZE       =   ----    ----
   BIT SIZE         =   ----    ----
END OF MODULE INFORMATION.


C51 COMPILATION COMPLETE.  0 WARNING(S),  0 ERROR(S)
