C51 COMPILER V9.54   MAIN                                                                  04/14/2023 16:35:45 PAGE 1   


C51 COMPILER V9.54, COMPILATION OF MODULE MAIN
OBJECT MODULE PLACED IN .\Objects\main.obj
COMPILER INVOKED BY: C:\Program Files (x86)\keil51\C51\BIN\C51.EXE main.c OPTIMIZE(8,SPEED) BROWSE DEBUG OBJECTEXTEND PR
                    -INT(.\Listings\main.lst) OBJECT(.\Objects\main.obj)

line level    source

   1          #include <reg51.h>
   2          #define uint unsigned int
   3          #define uchar unsigned char
   4          sbit voice=P2^5;
   5          uchar code sound[]={0xff,
   6                              0x39,0x20,0x33,0x10,0x30,0x20,0x2b,0x30,0x26,0x40,0x24,0x60,0x20,0x80,0x00,
   7                             };
   8          uchar zdjs=0, jp;
   9          del(yj);
  10          void main(void)
  11            {
  12   1            uint dpjs=0;
  13   1            uchar yj;
  14   1            TMOD=0x01,IE=0x82;
  15   1            TH0=0xd8, TL0=0xef;
  16   1         TR0=1;
  17   1      while(1)
  18   1         {  
  19   2            zdjs=0;
  20   2            dpjs++; yj=sound[dpjs]; 
  21   2           dpjs++; jp=sound[dpjs];
  22   2         while(zdjs!=jp)
  23   2             { 
  24   3            if(yj!=0xff)
  25   3         {
  26   4                   if(yj!=0)
  27   4                     {
  28   5                   voice=!voice;
  29   5                       del(yj);
  30   5                      }
  31   4                      else
  32   4                {
  33   5                dpjs=0; 
  34   5                            break;
  35   5                           }
  36   4          }
  37   3          else
  38   3            {
  39   4              voice=0;
  40   4                       del(jp);
  41   4          }
  42   3            }
  43   2             }
  44   1         }
  45          time0() interrupt 1  using 1
  46                {
  47   1               TH0=0xd8, TL0=0xef;
  48   1               zdjs++;
  49   1                 }
  50          del(yj)
  51              {
  52   1            uchar yj2=2;
  53   1             while(yj!=0)
  54   1               {      
C51 COMPILER V9.54   MAIN                                                                  04/14/2023 16:35:45 PAGE 2   

  55   2                     while(yj2!=0)
  56   2                        {
  57   3                           yj2--;
  58   3                           }
  59   2                        yj2=2;
  60   2                   yj--;  
  61   2             }
  62   1         
  63   1           }
*** WARNING C290 IN LINE 63 OF main.c: missing return value


MODULE INFORMATION:   STATIC OVERLAYABLE
   CODE SIZE        =    140    ----
   CONSTANT SIZE    =     16    ----
   XDATA SIZE       =   ----    ----
   PDATA SIZE       =   ----    ----
   DATA SIZE        =      2       3
   IDATA SIZE       =   ----    ----
   BIT SIZE         =   ----    ----
END OF MODULE INFORMATION.


C51 COMPILATION COMPLETE.  1 WARNING(S),  0 ERROR(S)
