C51 COMPILER V9.54   MAIN                                                                  04/10/2023 21:12:14 PAGE 1   


C51 COMPILER V9.54, COMPILATION OF MODULE MAIN
OBJECT MODULE PLACED IN .\Objects\main.obj
COMPILER INVOKED BY: C:\Program Files (x86)\keil51\C51\BIN\C51.EXE main.c OPTIMIZE(8,SPEED) BROWSE DEBUG OBJECTEXTEND PR
                    -INT(.\Listings\main.lst) OBJECT(.\Objects\main.obj)

line level    source

   1          #include <REGX51.H>
   2          #include <INTRINS.h>
   3          #define LED_PORT        P2
   4          typedef unsigned int u16;
   5          sbit LED1=P2^0;
   6          
   7          //void Delay500ms()             //@12.000MHz
   8          //{
   9          //      unsigned char i, j, k;
  10          
  11          //      _nop_();
  12          //      i = 4;
  13          //      j = 205;
  14          //      k = 187;
  15          //      do
  16          //      {
  17          //              do
  18          //              {
  19          //                      while (--k);
  20          //              } while (--j);
  21          //      } while (--i);
  22          //}
  23          Delay500ms(u16 ten_us )
  24          {
  25   1              while( ten_us--);
  26   1              
  27   1      }
  28          
  29          void main()
  30          {
  31   1              u16 i=0;
  32   1              LED_PORT=~0x01;
  33   1              while(1)
  34   1              {
  35   2               for(i=0;i<7;i++)
  36   2                      {
  37   3      ////                    LED_PORT=~(0xFE);
  38   3      ////                    LED_PORT+=i;
  39   3      ////            Delay500ms(50000);
  40   3                              LED_PORT=_crol_(LED_PORT,1);
  41   3                              Delay500ms(50000);
  42   3                              for(i=0;i<7;i++)
  43   3                      {
  44   4      ////                    LED_PORT=~(0xFE);
  45   4      ////                    LED_PORT+=i;
  46   4      ////            Delay500ms(50000);
  47   4                              LED_PORT=_cror_(LED_PORT,1);
  48   4                              Delay500ms(50000);
  49   4                      }
  50   3                      }
  51   2              }
  52   1      }
*** WARNING C290 IN LINE 27 OF main.c: missing return value

C51 COMPILER V9.54   MAIN                                                                  04/10/2023 21:12:14 PAGE 2   


MODULE INFORMATION:   STATIC OVERLAYABLE
   CODE SIZE        =     81    ----
   CONSTANT SIZE    =   ----    ----
   XDATA SIZE       =   ----    ----
   PDATA SIZE       =   ----    ----
   DATA SIZE        =   ----    ----
   IDATA SIZE       =   ----    ----
   BIT SIZE         =   ----    ----
END OF MODULE INFORMATION.


C51 COMPILATION COMPLETE.  1 WARNING(S),  0 ERROR(S)
