C51 COMPILER V9.00   MAIN                                                                  09/08/2017 21:21:26 PAGE 1   


C51 COMPILER V9.00, COMPILATION OF MODULE MAIN
OBJECT MODULE PLACED IN main.OBJ
COMPILER INVOKED BY: C:\Keil\C51\BIN\C51.EXE main.c BROWSE DEBUG OBJECTEXTEND

line level    source

   1          #include <reg52.h> 
   2          
   3          sbit LED1 = P1^0;
   4          void UART_INIT()
   5          {
   6   1              SM0 = 0;
   7   1              SM1 = 1;//串口工作方式1
   8   1              REN = 1;//允许串口接收
   9   1              EA = 1;//开总中断
  10   1              ES = 1;//开串口中断
  11   1              TMOD = 0x20;//8位自动重装模式
  12   1              TH1 = 0xfd;
  13   1              TL1 = 0xfd;//9600波特率
  14   1              TR1 = 1;//启动定时器1
  15   1      }
  16          //串口中断
  17          void UART_SER() interrupt 4
  18          {
  19   1              if(RI)
  20   1              {
  21   2                      RI = 0;//清除接收标志
  22   2                      switch(SBUF)
  23   2                      {
  24   3                              case 0x01: LED1 = 0; break;//开灯
  25   3                              case 0x02: LED1 = 1; break;//关灯 
  26   3                      }
  27   2              }
  28   1      }
  29          void main()
  30          {
  31   1              UART_INIT();//串口初始化
  32   1              while(1);       
  33   1      }


MODULE INFORMATION:   STATIC OVERLAYABLE
   CODE SIZE        =     64    ----
   CONSTANT SIZE    =   ----    ----
   XDATA SIZE       =   ----    ----
   PDATA SIZE       =   ----    ----
   DATA SIZE        =   ----    ----
   IDATA SIZE       =   ----    ----
   BIT SIZE         =   ----    ----
END OF MODULE INFORMATION.


C51 COMPILATION COMPLETE.  0 WARNING(S),  0 ERROR(S)
