C51 COMPILER V9.54   DELAY                                                                 04/14/2023 16:59:07 PAGE 1   


C51 COMPILER V9.54, COMPILATION OF MODULE DELAY
OBJECT MODULE PLACED IN .\Objects\Delay.obj
COMPILER INVOKED BY: C:\Program Files (x86)\keil51\C51\BIN\C51.EXE ..\1-3_0·äÃùÆ÷\Delay.c OPTIMIZE(8,SPEED) BROWSE DEBUG
                    - OBJECTEXTEND PRINT(.\Listings\Delay.lst) OBJECT(.\Objects\Delay.obj)

line level    source

   1          typedef unsigned int u16;
   2          void Delay(u16 ten_us)
   3          {
   4   1              while (ten_us--)
   5   1          {
   6   2          }
   7   1      }


MODULE INFORMATION:   STATIC OVERLAYABLE
   CODE SIZE        =     11    ----
   CONSTANT SIZE    =   ----    ----
   XDATA SIZE       =   ----    ----
   PDATA SIZE       =   ----    ----
   DATA SIZE        =   ----    ----
   IDATA SIZE       =   ----    ----
   BIT SIZE         =   ----    ----
END OF MODULE INFORMATION.


C51 COMPILATION COMPLETE.  0 WARNING(S),  0 ERROR(S)
