C51 COMPILER V9.54   MAIN                                                                  05/20/2023 02:44:06 PAGE 1   


C51 COMPILER V9.54, COMPILATION OF MODULE MAIN
OBJECT MODULE PLACED IN .\Objects\main.obj
COMPILER INVOKED BY: C:\Program Files (x86)\keil51\C51\BIN\C51.EXE main.c OPTIMIZE(8,SPEED) BROWSE DEBUG OBJECTEXTEND PR
                    -INT(.\Listings\main.lst) OBJECT(.\Objects\main.obj)

line level    source

   1          #include <REGX51.H>
   2          
   3          
   4          #define SMG_A_DP_PORT  P0       //数码管定义管脚 A~DP  8段 P0口
   5          typedef unsigned  int u16;
   6          typedef unsigned  char u8;
   7          
   8          sbit LSA=P2^2;
   9          sbit LSB=P2^3;
  10          sbit LSC=P2^4;
  11          
  12          u8 gsmg_code[17]={0x3f,0x06,0x5b,0x4f,0x66,
  13                                            0x6d,0x7d,0x07,0x7f,0x6f,
  14                                            0x77,0x7c,0x39,0x5e,0x79,0x71};                       //g  global代表全局变量. 共阴极0-F
  15          
  16          void delay_10us (u16 ten_us)
  17          {
  18   1              while (ten_us--);
  19   1          
  20   1      }
  21          
  22          
  23          
  24          void smg_display ()
  25          {
  26   1              u8 i=0;
  27   1      for(i=0;i<8;i++)                                                //i=7;i>=0;i--
  28   1      {                                                                               //76543210
  29   2              delay_10us (1000);
  30   2              switch(i)
  31   2              {
  32   3                      case 0:LSC=1;LSB=1;LSA=1;break;
  33   3                      delay_10us (1000);
  34   3                      case 1:LSC=1;LSB=1;LSA=0;break;
  35   3                      delay_10us (1000);
  36   3                      case 2:LSC=1;LSB=0;LSA=1;break;
  37   3                      delay_10us (1000);
  38   3                      case 3:LSC=1;LSB=0;LSA=0;break;
  39   3                      delay_10us (1000);
  40   3                      case 4:LSC=0;LSB=1;LSA=1;break;
  41   3                      delay_10us (1000);
  42   3                      case 5:LSC=0;LSB=1;LSA=0;break;
  43   3                      delay_10us (1000);
  44   3                      case 6:LSC=0;LSB=0;LSA=1;break;
  45   3                      delay_10us (1000);
  46   3                      case 7:LSC=0;LSB=0;LSA=0;break;
  47   3                      delay_10us (1000);
  48   3                      
  49   3              }
  50   2              SMG_A_DP_PORT=gsmg_code[7-i];
  51   2              delay_10us (1000);                              //省略亮度低
  52   2              SMG_A_DP_PORT=0x00;             //消影
  53   2      }       
  54   1      }       
C51 COMPILER V9.54   MAIN                                                                  05/20/2023 02:44:06 PAGE 2   

  55          
  56          
  57           void main()
  58          
  59          {
  60   1              u8 i=0;
  61   1              
  62   1      //  while(1)
  63   1      //   {
  64   1      //         SMG_A_DP_PORT=gsmg_code[0];
  65   1      //         delay_10us (10000);
  66   1              
  67   1      //      }
  68   1      //---------------------------------------------------------        
  69   1         while (1)
  70   1      {
  71   2              smg_display ();
  72   2      } 
  73   1      
  74   1      }
*** WARNING C294 IN LINE 33 OF main.c: unreachable code
*** WARNING C294 IN LINE 35 OF main.c: unreachable code
*** WARNING C294 IN LINE 37 OF main.c: unreachable code
*** WARNING C294 IN LINE 39 OF main.c: unreachable code
*** WARNING C294 IN LINE 41 OF main.c: unreachable code
*** WARNING C294 IN LINE 43 OF main.c: unreachable code
*** WARNING C294 IN LINE 45 OF main.c: unreachable code
*** WARNING C294 IN LINE 47 OF main.c: unreachable code


MODULE INFORMATION:   STATIC OVERLAYABLE
   CODE SIZE        =    138    ----
   CONSTANT SIZE    =   ----    ----
   XDATA SIZE       =   ----    ----
   PDATA SIZE       =   ----    ----
   DATA SIZE        =     17       1
   IDATA SIZE       =   ----    ----
   BIT SIZE         =   ----    ----
END OF MODULE INFORMATION.


C51 COMPILATION COMPLETE.  8 WARNING(S),  0 ERROR(S)
