C51 COMPILER V9.54   COM                                                                   06/12/2023 08:33:17 PAGE 1   


C51 COMPILER V9.54, COMPILATION OF MODULE COM
OBJECT MODULE PLACED IN .\Objects\com.obj
COMPILER INVOKED BY: C:\Program Files (x86)\keil51\C51\BIN\C51.EXE com.c OPTIMIZE(8,SPEED) BROWSE DEBUG OBJECTEXTEND PRI
                    -NT(.\Listings\com.lst) OBJECT(.\Objects\com.obj)

line level    source

   1          #include <reg51.h>
   2           
   3          typedef unsigned char u8;
   4          typedef unsigned int u16;
   5           
   6          sbit RW=P2^5;
   7          sbit RS=P2^6;
   8          sbit EN=P2^7;
   9          u8 code table[15]="Hello World";
  10           
  11          /*延时函数*/
  12          void delay(u16 i)
  13          {
  14   1         while(i--);
  15   1       
  16   1      }
  17          /*写指令函数*/
  18          void LCD_WriteCommand(u8 con){
  19   1          P0=con;           //送出指令
  20   1                RS=0;RW=0;EN=1;  //写指令时序
  21   1                delay(200);
  22   1                EN=0;
  23   1      }
  24          /*写数据函数*/
  25          void write_dat(u8 dat){
  26   1         P0=dat;                   //送出数据
  27   1               RS=1;RW=0;EN=1;//写数据时序
  28   1               delay(200);
  29   1               EN=0;
  30   1      }
  31          /*LCD初始化函数*/
  32          void LcdInit(){
  33   1         write_con(0x01);//清屏
*** WARNING C206 IN LINE 33 OF com.c: 'write_con': missing function-prototype
*** ERROR C267 IN LINE 33 OF com.c: 'write_con': requires ANSI-style prototype
  34   1               write_con(0x38);//设置16*2显示
  35   1               write_con(0x0c);//开显示
  36   1               write_con(0x06);//写入数据时光标右移1位
  37   1      }
  38           
  39          /*LCD显示函数*/
  40          void LcdDisplay(u8  table[]){
  41   1          u8 i=0;
  42   1              write_con(0x80);   //起点为第一行
  43   1              while(table[i]!='\0'){
  44   2                 write_dat(table[i]);
  45   2                 delay(100);
  46   2                 i++;
  47   2               }
  48   1              /*
  49   1                i=0;
  50   1              write_con(0xc0);  //起点为第二行
  51   1              while(table[i]!='\0'){
  52   1                 write_dat(table[i]);
C51 COMPILER V9.54   COM                                                                   06/12/2023 08:33:17 PAGE 2   

  53   1                 delay(100);
  54   1                 i++;
  55   1               }
  56   1               i=0;
  57   1               */
  58   1      }
  59           
  60          /*主函数*/
  61          void main()
  62          {
  63   1         LcdInit();
  64   1               while(1)
  65   1               {
  66   2         LcdDisplay(table);
  67   2               }
  68   1      }

C51 COMPILATION COMPLETE.  1 WARNING(S),  1 ERROR(S)
