C51 COMPILER V9.54   DELAY                                                                 06/12/2023 08:31:39 PAGE 1   


C51 COMPILER V9.54, COMPILATION OF MODULE DELAY
OBJECT MODULE PLACED IN .\Objects\Delay.obj
COMPILER INVOKED BY: C:\Program Files (x86)\keil51\C51\BIN\C51.EXE Delay.c OPTIMIZE(8,SPEED) BROWSE DEBUG OBJECTEXTEND P
                    -RINT(.\Listings\Delay.lst) OBJECT(.\Objects\Delay.obj)

line level    source

   1          void Delay(unsigned int xms)
   2          {
   3   1              unsigned char i,j;
   4   1              while(xms){
   5   2              _nop();
*** WARNING C206 IN LINE 5 OF Delay.c: '_nop': missing function-prototype
   6   2              i=4;
   7   2              j=205;
   8   2              
   9   2              do{
  10   3                      
  11   3                              while(--j);
  12   3                      }while(--i);
  13   2              xms--;
  14   2      }
  15   1      }       


MODULE INFORMATION:   STATIC OVERLAYABLE
   CODE SIZE        =     32    ----
   CONSTANT SIZE    =   ----    ----
   XDATA SIZE       =   ----    ----
   PDATA SIZE       =   ----    ----
   DATA SIZE        =   ----       2
   IDATA SIZE       =   ----    ----
   BIT SIZE         =   ----    ----
END OF MODULE INFORMATION.


C51 COMPILATION COMPLETE.  1 WARNING(S),  0 ERROR(S)
