C51 COMPILER V9.00   LED                                                                   02/23/2018 15:40:11 PAGE 1   


C51 COMPILER V9.00, COMPILATION OF MODULE LED
OBJECT MODULE PLACED IN led.OBJ
COMPILER INVOKED BY: C:\Keil\C51\BIN\C51.EXE led.c BROWSE DEBUG OBJECTEXTEND

line level    source

   1          /*********************************************************************************
   2          * 【作    者】： 清翔电子:向量
   3          * 【版    本】： V1.0
   4          * 【网    站】： http://www.qxmcu.com/ 
   5          * 【淘宝店铺】： http://qxmcu.taobao.com/
   6          * 【实验平台】： 清翔QX-MCS51 单片机开发板
   7          * 【外部晶振】： 11.0592mhz     
   8          * 【主控芯片】： STC89C52
   9          * 【编译环境】： Keil μVisio4  
  10          * 【程序功能】： 点亮开发板上的LED1                                                                                 
  11          * 【使用说明】： 
  12          *  说明：免费开源，不提供源代码分析.
  13          **********************************************************************************/
  14          #include <reg52.h> //引用51头文件
  15          
  16          sbit LED1 = P1^0; //位定义
  17          
  18          void main()     //主函数
  19          {
  20   1              LED1 = 0;//点亮P1.0上的LED              
  21   1      }


MODULE INFORMATION:   STATIC OVERLAYABLE
   CODE SIZE        =      3    ----
   CONSTANT SIZE    =   ----    ----
   XDATA SIZE       =   ----    ----
   PDATA SIZE       =   ----    ----
   DATA SIZE        =   ----    ----
   IDATA SIZE       =   ----    ----
   BIT SIZE         =   ----    ----
END OF MODULE INFORMATION.


C51 COMPILATION COMPLETE.  0 WARNING(S),  0 ERROR(S)
