C51 COMPILER V9.00   DISPLAY                                                               02/23/2018 16:07:38 PAGE 1   


C51 COMPILER V9.00, COMPILATION OF MODULE DISPLAY
OBJECT MODULE PLACED IN display.OBJ
COMPILER INVOKED BY: C:\Keil\C51\BIN\C51.EXE display.c BROWSE DEBUG OBJECTEXTEND

line level    source

   1          /*********************************************************************************
   2          * 【作    者】：        清翔电子:向量
   3          * 【版    本】：        V1.0
   4          * 【网    站】：        http://www.qxmcu.com/ 
   5          * 【淘宝店铺】：        http://qxmcu.taobao.com/
   6          * 【实验平台】：        清翔 QX-MCS51 单片机开发板
   7          * 【外部晶振】：        11.0592mhz      
   8          * 【主控芯片】：        STC89C52
   9          * 【编译环境】：        Keil μVisio4   
  10          * 【程序功能】：        第一位共阴极数码管显示数字“1”                                                                     
  11          * 【使用说明】： 
  12          **********************************************************************************/
  13          #include <reg52.h>
  14          #include <intrins.h>
  15          
  16          #define uint unsigned int
  17          #define uchar unsigned char
  18          
  19          sbit DU = P2^6;//数码管段选
  20          sbit WE = P2^7;//数码管段选
  21          
  22          ////毫秒级延时函数定义
  23          //void delay(uint z)
  24          //{
  25          //      uint x,y;
  26          //      for(x = z; x > 0; x--)
  27          //              for(y = 114; y > 0 ; y--);              
  28          //} 
  29          
  30          void main()//main函数自身会循环
  31          {
  32   1              WE = 1;//打开位选锁存器
  33   1              P0 = 0XFE; //1111 1110 选通第一位数码管
  34   1              WE = 0;//锁存位选数据
  35   1      
  36   1              DU = 1;//打开段选锁存器
  37   1              P0 = 0X06;//0000 0110 显示“1”
  38   1              DU = 0;//锁存段选数据
  39   1              
  40   1              while(1)
  41   1              {
  42   2              }       
  43   1      }  


MODULE INFORMATION:   STATIC OVERLAYABLE
   CODE SIZE        =     16    ----
   CONSTANT SIZE    =   ----    ----
   XDATA SIZE       =   ----    ----
   PDATA SIZE       =   ----    ----
   DATA SIZE        =   ----    ----
   IDATA SIZE       =   ----    ----
   BIT SIZE         =   ----    ----
END OF MODULE INFORMATION.


C51 COMPILATION COMPLETE.  0 WARNING(S),  0 ERROR(S)
