C51 COMPILER V9.00   LED                                                                   02/11/2018 19:54:43 PAGE 1   


C51 COMPILER V9.00, COMPILATION OF MODULE LED
OBJECT MODULE PLACED IN led.OBJ
COMPILER INVOKED BY: C:\Keil\C51\BIN\C51.EXE led.c BROWSE DEBUG OBJECTEXTEND

line level    source

   1          #include <reg52.h> //引用51头文件
   2          
   3          sbit LED2 = P1^1;
   4          sbit LED3 = P1^2;
   5          sbit LED5 = P1^4;
   6          
   7          void main()
   8          {
   9   1              LED2 = 0;  //点亮LED2
  10   1              LED3 = 0;  //点亮LED3
  11   1              LED5 = 0;  //点亮LED5           
  12   1      }


MODULE INFORMATION:   STATIC OVERLAYABLE
   CODE SIZE        =      7    ----
   CONSTANT SIZE    =   ----    ----
   XDATA SIZE       =   ----    ----
   PDATA SIZE       =   ----    ----
   DATA SIZE        =   ----    ----
   IDATA SIZE       =   ----    ----
   BIT SIZE         =   ----    ----
END OF MODULE INFORMATION.


C51 COMPILATION COMPLETE.  0 WARNING(S),  0 ERROR(S)
