C51 COMPILER V9.54   N_LED_CONTROL                                                         04/10/2023 19:40:58 PAGE 1   


C51 COMPILER V9.54, COMPILATION OF MODULE N_LED_CONTROL
OBJECT MODULE PLACED IN .\Objects\N_LED control.obj
COMPILER INVOKED BY: C:\Program Files (x86)\keil51\C51\BIN\C51.EXE N_LED control.c OPTIMIZE(8,SPEED) BROWSE DEBUG OBJECT
                    -EXTEND PRINT(.\Listings\N_LED control.lst) TABS(2) OBJECT(.\Objects\N_LED control.obj)

line level    source

   1          #include <REGX51.H>
   2          #include <INTRINS.h>
   3          sbit LED1=P2^0;
   4          void Delay500ms()   //@12.000MHz
   5          {
   6   1        unsigned char i, j, k;
   7   1      
   8   1        _nop_();
   9   1        i = 4;
  10   1        j = 205;
  11   1        k = 187;
  12   1        do
  13   1        {
  14   2          do
  15   2          {
  16   3            while (--k);
  17   3          } while (--j);
  18   2        } while (--i);
  19   1      }
  20          
  21          void main()
  22          {
  23   1        
  24   1      //  while(1)
  25   1      //  {
  26   1          LED1=0;
  27   1          Delay500ms(); 
  28   1          LED1=0;
  29   1          Delay500ms();  
  30   1          LED1=0;
  31   1          Delay500ms(); 
  32   1          
  33   1      //  }
  34   1      }


MODULE INFORMATION:   STATIC OVERLAYABLE
   CODE SIZE        =     29    ----
   CONSTANT SIZE    =   ----    ----
   XDATA SIZE       =   ----    ----
   PDATA SIZE       =   ----    ----
   DATA SIZE        =   ----    ----
   IDATA SIZE       =   ----    ----
   BIT SIZE         =   ----    ----
END OF MODULE INFORMATION.


C51 COMPILATION COMPLETE.  0 WARNING(S),  0 ERROR(S)
