C51 COMPILER V9.54   MAIN                                                                  03/31/2023 20:26:35 PAGE 1   


C51 COMPILER V9.54, COMPILATION OF MODULE MAIN
OBJECT MODULE PLACED IN .\Objects\main.obj
COMPILER INVOKED BY: C:\Program Files (x86)\keil51\C51\BIN\C51.EXE main.c OPTIMIZE(8,SPEED) BROWSE DEBUG OBJECTEXTEND PR
                    -INT(.\Listings\main.lst) TABS(2) OBJECT(.\Objects\main.obj)

line level    source

   1          #include <REGX51.H>
   2          #define unit unsigned int
   3          sbit led1 =P1^0;//声明单片机P1口的第一位
   4          unit i, j;
   5          void main()
   6          {
   7   1        while(1)
   8   1        {
   9   2          led1=0;               //点亮第一个LED
  10   2          for(i=1000;i>0;i--)   //延时
  11   2            for(j=110;j>0;j--);
  12   2          led1=1;
  13   2          for(i=1000;i>0;i--)   //熄灭LED
  14   2          for(j=110;j>0;j--);   //延时
  15   2        }
  16   1        
  17   1      }


MODULE INFORMATION:   STATIC OVERLAYABLE
   CODE SIZE        =     91    ----
   CONSTANT SIZE    =   ----    ----
   XDATA SIZE       =   ----    ----
   PDATA SIZE       =   ----    ----
   DATA SIZE        =      4    ----
   IDATA SIZE       =   ----    ----
   BIT SIZE         =   ----    ----
END OF MODULE INFORMATION.


C51 COMPILATION COMPLETE.  0 WARNING(S),  0 ERROR(S)
