C51 COMPILER V9.00   FLASH_LED                                                             02/23/2018 15:54:53 PAGE 1   


C51 COMPILER V9.00, COMPILATION OF MODULE FLASH_LED
OBJECT MODULE PLACED IN Flash_led.OBJ
COMPILER INVOKED BY: C:\Keil\C51\BIN\C51.EXE Flash_led.c BROWSE DEBUG OBJECTEXTEND

line level    source

   1          /*********************************************************************************
   2          * 【作    者】：        清翔电子:向量
   3          * 【版    本】：        V1.0
   4          * 【网    站】：        http://www.qxmcu.com/ 
   5          * 【淘宝店铺】：        http://qxmcu.taobao.com/
   6          * 【实验平台】：        清翔 QX-MCS51 单片机开发板
   7          * 【外部晶振】：        11.0592mhz      
   8          * 【主控芯片】：        STC89C52
   9          * 【编译环境】：        Keil μVisio4   
  10          * 【程序功能】：        LED流水灯                                                                           
  11          * 【使用说明】： 
  12          *  说明：免费开源，不提供源代码分析.
  13          **********************************************************************************/
  14          #include <reg52.h>       //包含51头文件
  15          #include <intrins.h> //包含移位标准库函数头文件
  16          
  17          #define uint unsigned int
  18          #define uchar unsigned char
  19          
  20          uchar temp;//LED灯相关变量
  21          /*====================================
  22          函数    ： delay(uint z)
  23          参数    ：z 延时毫秒设定，取值范围0-65535
  24          返回值  ：无
  25          描述    ：12T/Fosc11.0592M毫秒级延时
  26          ====================================*/
  27          void delay(uint z)
  28          {
  29   1              uint x,y;
  30   1              for(x = z; x > 0; x--)
  31   1                      for(y = 114; y > 0 ; y--);              
  32   1      } 
  33          
  34          void main()//main函数自身会循环
  35          {
  36   1              temp = 0xfe;
  37   1              P1 = temp; //1111 1110  初值LED1亮
  38   1              delay(100);//毫秒级延时 100毫秒
  39   1              while(1)
  40   1              {
  41   2                      temp = _crol_(temp, 1);//循环左移
  42   2                      P1 = temp;//移位完成后赋值给P1 每个一个灯点亮
  43   2                      delay(100);//毫秒级延时 100毫秒
  44   2              }       
  45   1      }  


MODULE INFORMATION:   STATIC OVERLAYABLE
   CODE SIZE        =     67    ----
   CONSTANT SIZE    =   ----    ----
   XDATA SIZE       =   ----    ----
   PDATA SIZE       =   ----    ----
   DATA SIZE        =      1    ----
   IDATA SIZE       =   ----    ----
   BIT SIZE         =   ----    ----
C51 COMPILER V9.00   FLASH_LED                                                             02/23/2018 15:54:53 PAGE 2   

END OF MODULE INFORMATION.


C51 COMPILATION COMPLETE.  0 WARNING(S),  0 ERROR(S)
